2026-03-12 22:49:41.226 | SUCCESS  | __main__:process_raw_data:129 - 🔍 发现 51 个数据文件。
2026-03-12 22:49:41.227 | INFO     | __main__:analyze_files_distribution:77 - ============================================================
2026-03-12 22:49:41.227 | INFO     | __main__:analyze_files_distribution:78 - 【阶段 1: 数据分布统计】
2026-03-12 22:49:41.227 | INFO     | __main__:analyze_files_distribution:79 - ============================================================
2026-03-12 22:49:41.232 | INFO     | __main__:analyze_files_distribution:97 - 文件: data_part_25.csv          | 类0: 503, 类1: 495, 类2: 512, 类3: 498, 类4: 489, 类5: 515, 类6: 504, 类7: 487, 类8: 522, 类9: 475
2026-03-12 22:49:41.236 | INFO     | __main__:analyze_files_distribution:97 - 文件: data_part_44.csv          | 类0: 398, 类1: 414, 类2: 403, 类3: 402, 类4: 372, 类5: 433, 类6: 409, 类7: 393, 类8: 390, 类9: 386
2026-03-12 22:49:41.240 | INFO     | __main__:analyze_files_distribution:97 - 文件: data_part_4.csv           | 类0: 500, 类1: 490, 类2: 520, 类3: 468, 类4: 490, 类5: 496, 类6: 507, 类7: 511, 类8: 506, 类9: 512
2026-03-12 22:49:41.244 | INFO     | __main__:analyze_files_distribution:97 - 文件: data_part_35.csv          | 类0: 478, 类1: 498, 类2: 518, 类3: 517, 类4: 493, 类5: 478, 类6: 545, 类7: 439, 类8: 531, 类9: 503
2026-03-12 22:49:41.248 | INFO     | __main__:analyze_files_distribution:97 - 文件: data_part_49.csv          | 类0: 369, 类1: 426, 类2: 423, 类3: 370, 类4: 405, 类5: 424, 类6: 375, 类7: 410, 类8: 396, 类9: 402
2026-03-12 22:49:41.253 | INFO     | __main__:analyze_files_distribution:97 - 文件: data_part_33.csv          | 类0: 508, 类1: 498, 类2: 501, 类3: 524, 类4: 481, 类5: 517, 类6: 469, 类7: 506, 类8: 468, 类9: 528
2026-03-12 22:49:41.257 | INFO     | __main__:analyze_files_distribution:97 - 文件: data_part_8.csv           | 类0: 536, 类1: 507, 类2: 498, 类3: 523, 类4: 502, 类5: 472, 类6: 503, 类7: 489, 类8: 485, 类9: 485
2026-03-12 22:49:41.261 | INFO     | __main__:analyze_files_distribution:97 - 文件: data_part_39.csv          | 类0: 480, 类1: 521, 类2: 484, 类3: 484, 类4: 484, 类5: 512, 类6: 501, 类7: 539, 类8: 494, 类9: 501
2026-03-12 22:49:41.265 | INFO     | __main__:analyze_files_distribution:97 - 文件: data_part_31.csv          | 类0: 521, 类1: 508, 类2: 481, 类3: 491, 类4: 515, 类5: 502, 类6: 481, 类7: 479, 类8: 476, 类9: 546
2026-03-12 22:49:41.269 | INFO     | __main__:analyze_files_distribution:97 - 文件: data_part_9.csv           | 类0: 529, 类1: 481, 类2: 483, 类3: 480, 类4: 511, 类5: 486, 类6: 552, 类7: 476, 类8: 491, 类9: 511
2026-03-12 22:49:41.273 | INFO     | __main__:analyze_files_distribution:97 - 文件: data_part_30.csv          | 类0: 462, 类1: 517, 类2: 490, 类3: 497, 类4: 557, 类5: 512, 类6: 493, 类7: 505, 类8: 492, 类9: 475
2026-03-12 22:49:41.278 | INFO     | __main__:analyze_files_distribution:97 - 文件: data_part_7.csv           | 类0: 502, 类1: 475, 类2: 542, 类3: 513, 类4: 511, 类5: 496, 类6: 477, 类7: 473, 类8: 491, 类9: 520
2026-03-12 22:49:41.282 | INFO     | __main__:analyze_files_distribution:97 - 文件: data_part_32.csv          | 类0: 491, 类1: 484, 类2: 504, 类3: 489, 类4: 504, 类5: 509, 类6: 522, 类7: 502, 类8: 526, 类9: 469
2026-03-12 22:49:41.286 | INFO     | __main__:analyze_files_distribution:97 - 文件: data_part_27.csv          | 类0: 536, 类1: 521, 类2: 454, 类3: 496, 类4: 515, 类5: 558, 类6: 491, 类7: 461, 类8: 491, 类9: 477
2026-03-12 22:49:41.290 | INFO     | __main__:analyze_files_distribution:97 - 文件: data_part_46.csv          | 类0: 424, 类1: 386, 类2: 416, 类3: 398, 类4: 405, 类5: 391, 类6: 390, 类7: 392, 类8: 399, 类9: 399
2026-03-12 22:49:41.294 | INFO     | __main__:analyze_files_distribution:97 - 文件: data_part_34.csv          | 类0: 523, 类1: 467, 类2: 481, 类3: 518, 类4: 491, 类5: 486, 类6: 506, 类7: 520, 类8: 508, 类9: 500
2026-03-12 22:49:41.298 | INFO     | __main__:analyze_files_distribution:97 - 文件: data_part_11.csv          | 类0: 488, 类1: 484, 类2: 497, 类3: 507, 类4: 485, 类5: 528, 类6: 503, 类7: 529, 类8: 501, 类9: 478
2026-03-12 22:49:41.302 | INFO     | __main__:analyze_files_distribution:97 - 文件: data_part_3.csv           | 类0: 499, 类1: 518, 类2: 472, 类3: 531, 类4: 515, 类5: 493, 类6: 509, 类7: 489, 类8: 499, 类9: 475
2026-03-12 22:49:41.305 | INFO     | __main__:analyze_files_distribution:97 - 文件: data_part_41.csv          | 类0: 407, 类1: 368, 类2: 417, 类3: 386, 类4: 428, 类5: 410, 类6: 361, 类7: 398, 类8: 401, 类9: 424
2026-03-12 22:49:41.310 | INFO     | __main__:analyze_files_distribution:97 - 文件: data_part_1.csv           | 类0: 521, 类1: 502, 类2: 501, 类3: 498, 类4: 499, 类5: 504, 类6: 498, 类7: 489, 类8: 515, 类9: 473
2026-03-12 22:49:41.313 | INFO     | __main__:analyze_files_distribution:97 - 文件: data_part_50.csv          | 类0: 387, 类1: 411, 类2: 422, 类3: 447, 类4: 385, 类5: 389, 类6: 385, 类7: 426, 类8: 377, 类9: 371
2026-03-12 22:49:41.318 | INFO     | __main__:analyze_files_distribution:97 - 文件: data_part_29.csv          | 类0: 496, 类1: 507, 类2: 516, 类3: 470, 类4: 506, 类5: 516, 类6: 506, 类7: 493, 类8: 472, 类9: 518
2026-03-12 22:49:41.323 | INFO     | __main__:analyze_files_distribution:97 - 文件: data_part_15.csv          | 类0: 494, 类1: 489, 类2: 538, 类3: 516, 类4: 469, 类5: 514, 类6: 509, 类7: 496, 类8: 513, 类9: 462
2026-03-12 22:49:41.327 | INFO     | __main__:analyze_files_distribution:97 - 文件: data_part_12.csv          | 类0: 527, 类1: 509, 类2: 504, 类3: 468, 类4: 525, 类5: 506, 类6: 481, 类7: 492, 类8: 490, 类9: 498
2026-03-12 22:49:41.331 | INFO     | __main__:analyze_files_distribution:97 - 文件: data_part_22.csv          | 类0: 475, 类1: 510, 类2: 497, 类3: 507, 类4: 497, 类5: 494, 类6: 520, 类7: 493, 类8: 497, 类9: 510
2026-03-12 22:49:41.335 | INFO     | __main__:analyze_files_distribution:97 - 文件: data_part_2.csv           | 类0: 493, 类1: 484, 类2: 507, 类3: 501, 类4: 509, 类5: 506, 类6: 514, 类7: 505, 类8: 493, 类9: 488
2026-03-12 22:49:41.340 | INFO     | __main__:analyze_files_distribution:97 - 文件: data_part_20.csv          | 类0: 479, 类1: 520, 类2: 484, 类3: 520, 类4: 488, 类5: 454, 类6: 515, 类7: 509, 类8: 526, 类9: 505
2026-03-12 22:49:41.344 | INFO     | __main__:analyze_files_distribution:97 - 文件: data_part_38.csv          | 类0: 444, 类1: 518, 类2: 513, 类3: 465, 类4: 520, 类5: 483, 类6: 524, 类7: 528, 类8: 499, 类9: 506
2026-03-12 22:49:41.348 | INFO     | __main__:analyze_files_distribution:97 - 文件: data_part_24.csv          | 类0: 506, 类1: 508, 类2: 457, 类3: 487, 类4: 550, 类5: 475, 类6: 486, 类7: 528, 类8: 457, 类9: 546
2026-03-12 22:49:41.353 | INFO     | __main__:analyze_files_distribution:97 - 文件: data_part_28.csv          | 类0: 482, 类1: 488, 类2: 519, 类3: 524, 类4: 524, 类5: 521, 类6: 496, 类7: 483, 类8: 511, 类9: 452
2026-03-12 22:49:41.357 | INFO     | __main__:analyze_files_distribution:97 - 文件: data_part_26.csv          | 类0: 508, 类1: 530, 类2: 544, 类3: 511, 类4: 478, 类5: 502, 类6: 465, 类7: 467, 类8: 484, 类9: 511
2026-03-12 22:49:41.361 | INFO     | __main__:analyze_files_distribution:97 - 文件: data_part_51.csv          | 类0: 382, 类1: 406, 类2: 411, 类3: 419, 类4: 396, 类5: 402, 类6: 408, 类7: 376, 类8: 397, 类9: 403
2026-03-12 22:49:41.365 | INFO     | __main__:analyze_files_distribution:97 - 文件: data_part_10.csv          | 类0: 472, 类1: 517, 类2: 481, 类3: 490, 类4: 518, 类5: 474, 类6: 500, 类7: 540, 类8: 500, 类9: 508
2026-03-12 22:49:41.370 | INFO     | __main__:analyze_files_distribution:97 - 文件: data_part_19.csv          | 类0: 502, 类1: 512, 类2: 487, 类3: 517, 类4: 481, 类5: 471, 类6: 527, 类7: 480, 类8: 520, 类9: 503
2026-03-12 22:49:41.374 | INFO     | __main__:analyze_files_distribution:97 - 文件: data_part_40.csv          | 类0: 475, 类1: 507, 类2: 496, 类3: 511, 类4: 470, 类5: 464, 类6: 508, 类7: 527, 类8: 491, 类9: 551
2026-03-12 22:49:41.377 | INFO     | __main__:analyze_files_distribution:97 - 文件: data_part_47.csv          | 类0: 422, 类1: 433, 类2: 349, 类3: 400, 类4: 416, 类5: 410, 类6: 427, 类7: 381, 类8: 377, 类9: 385
2026-03-12 22:49:41.381 | INFO     | __main__:analyze_files_distribution:97 - 文件: data_part_16.csv          | 类0: 480, 类1: 485, 类2: 476, 类3: 525, 类4: 496, 类5: 482, 类6: 502, 类7: 507, 类8: 539, 类9: 508
2026-03-12 22:49:41.385 | INFO     | __main__:analyze_files_distribution:97 - 文件: data_part_17.csv          | 类0: 514, 类1: 522, 类2: 498, 类3: 515, 类4: 458, 类5: 483, 类6: 508, 类7: 519, 类8: 495, 类9: 488
2026-03-12 22:49:41.389 | INFO     | __main__:analyze_files_distribution:97 - 文件: data_part_48.csv          | 类0: 402, 类1: 425, 类2: 398, 类3: 365, 类4: 428, 类5: 404, 类6: 396, 类7: 404, 类8: 412, 类9: 366
2026-03-12 22:49:41.392 | INFO     | __main__:analyze_files_distribution:97 - 文件: data_part_36.csv          | 类0: 469, 类1: 503, 类2: 504, 类3: 472, 类4: 503, 类5: 533, 类6: 472, 类7: 486, 类8: 532, 类9: 526
2026-03-12 22:49:41.396 | INFO     | __main__:analyze_files_distribution:97 - 文件: data_part_45.csv          | 类0: 390, 类1: 397, 类2: 365, 类3: 418, 类4: 398, 类5: 388, 类6: 405, 类7: 389, 类8: 456, 类9: 394
2026-03-12 22:49:41.400 | INFO     | __main__:analyze_files_distribution:97 - 文件: data_part_42.csv          | 类0: 412, 类1: 380, 类2: 403, 类3: 420, 类4: 404, 类5: 369, 类6: 391, 类7: 416, 类8: 402, 类9: 403
2026-03-12 22:49:41.404 | INFO     | __main__:analyze_files_distribution:97 - 文件: data_part_6.csv           | 类0: 473, 类1: 491, 类2: 541, 类3: 513, 类4: 505, 类5: 539, 类6: 478, 类7: 488, 类8: 477, 类9: 495
2026-03-12 22:49:41.407 | INFO     | __main__:analyze_files_distribution:97 - 文件: data_part_14.csv          | 类0: 511, 类1: 510, 类2: 468, 类3: 499, 类4: 515, 类5: 491, 类6: 514, 类7: 522, 类8: 487, 类9: 483
2026-03-12 22:49:41.412 | INFO     | __main__:analyze_files_distribution:97 - 文件: data_part_13.csv          | 类0: 500, 类1: 497, 类2: 488, 类3: 535, 类4: 494, 类5: 530, 类6: 480, 类7: 487, 类8: 503, 类9: 486
2026-03-12 22:49:41.416 | INFO     | __main__:analyze_files_distribution:97 - 文件: data_part_5.csv           | 类0: 511, 类1: 487, 类2: 480, 类3: 534, 类4: 511, 类5: 460, 类6: 468, 类7: 531, 类8: 490, 类9: 528
2026-03-12 22:49:41.420 | INFO     | __main__:analyze_files_distribution:97 - 文件: data_part_43.csv          | 类0: 411, 类1: 391, 类2: 414, 类3: 381, 类4: 392, 类5: 369, 类6: 416, 类7: 417, 类8: 395, 类9: 414
2026-03-12 22:49:41.425 | INFO     | __main__:analyze_files_distribution:97 - 文件: data_part_37.csv          | 类0: 522, 类1: 477, 类2: 541, 类3: 518, 类4: 484, 类5: 467, 类6: 527, 类7: 489, 类8: 490, 类9: 485
2026-03-12 22:49:41.429 | INFO     | __main__:analyze_files_distribution:97 - 文件: data_part_21.csv          | 类0: 504, 类1: 519, 类2: 520, 类3: 461, 类4: 492, 类5: 489, 类6: 517, 类7: 492, 类8: 480, 类9: 526
2026-03-12 22:49:41.433 | INFO     | __main__:analyze_files_distribution:97 - 文件: data_part_23.csv          | 类0: 508, 类1: 471, 类2: 501, 类3: 500, 类4: 495, 类5: 508, 类6: 489, 类7: 490, 类8: 524, 类9: 514
2026-03-12 22:49:41.437 | INFO     | __main__:analyze_files_distribution:97 - 文件: data_part_18.csv          | 类0: 505, 类1: 469, 类2: 492, 类3: 481, 类4: 504, 类5: 529, 类6: 528, 类7: 521, 类8: 471, 类9: 500
2026-03-12 22:49:41.437 | INFO     | __main__:analyze_files_distribution:103 - ----------------------------------------
2026-03-12 22:49:41.437 | INFO     | __main__:analyze_files_distribution:104 - 全局总计: 510 条数据
2026-03-12 22:49:41.437 | INFO     | __main__:process_raw_data:135 - 【阶段 2: 加载与清洗】
2026-03-12 22:49:41.580 | INFO     | __main__:process_raw_data:184 - ✅ data_part_25.csv: 读取5000 -> 保留4957 (丢弃: 文本无效:43)
2026-03-12 22:49:41.690 | INFO     | __main__:process_raw_data:184 - ✅ data_part_44.csv: 读取4000 -> 保留3954 (丢弃: 文本无效:46)
2026-03-12 22:49:41.828 | INFO     | __main__:process_raw_data:184 - ✅ data_part_4.csv: 读取5000 -> 保留4935 (丢弃: 文本无效:65)
2026-03-12 22:49:41.966 | INFO     | __main__:process_raw_data:184 - ✅ data_part_35.csv: 读取5000 -> 保留4942 (丢弃: 文本无效:58)
2026-03-12 22:49:42.071 | INFO     | __main__:process_raw_data:184 - ✅ data_part_49.csv: 读取4000 -> 保留3965 (丢弃: 文本无效:35)
2026-03-12 22:49:42.205 | INFO     | __main__:process_raw_data:184 - ✅ data_part_33.csv: 读取5000 -> 保留4954 (丢弃: 文本无效:46)
2026-03-12 22:49:42.341 | INFO     | __main__:process_raw_data:184 - ✅ data_part_8.csv: 读取5000 -> 保留4940 (丢弃: 文本无效:60)
2026-03-12 22:49:42.477 | INFO     | __main__:process_raw_data:184 - ✅ data_part_39.csv: 读取5000 -> 保留4956 (丢弃: 文本无效:44)
2026-03-12 22:49:42.603 | INFO     | __main__:process_raw_data:184 - ✅ data_part_31.csv: 读取5000 -> 保留4934 (丢弃: 文本无效:66)
2026-03-12 22:49:42.742 | INFO     | __main__:process_raw_data:184 - ✅ data_part_9.csv: 读取5000 -> 保留4951 (丢弃: 文本无效:49)
2026-03-12 22:49:42.870 | INFO     | __main__:process_raw_data:184 - ✅ data_part_30.csv: 读取5000 -> 保留4935 (丢弃: 文本无效:65)
2026-03-12 22:49:43.008 | INFO     | __main__:process_raw_data:184 - ✅ data_part_7.csv: 读取5000 -> 保留4952 (丢弃: 文本无效:48)
2026-03-12 22:49:43.140 | INFO     | __main__:process_raw_data:184 - ✅ data_part_32.csv: 读取5000 -> 保留4961 (丢弃: 文本无效:39)
2026-03-12 22:49:43.274 | INFO     | __main__:process_raw_data:184 - ✅ data_part_27.csv: 读取5000 -> 保留4943 (丢弃: 文本无效:57)
2026-03-12 22:49:43.380 | INFO     | __main__:process_raw_data:184 - ✅ data_part_46.csv: 读取4000 -> 保留3967 (丢弃: 文本无效:33)
2026-03-12 22:49:43.515 | INFO     | __main__:process_raw_data:184 - ✅ data_part_34.csv: 读取5000 -> 保留4950 (丢弃: 文本无效:50)
2026-03-12 22:49:43.648 | INFO     | __main__:process_raw_data:184 - ✅ data_part_11.csv: 读取5000 -> 保留4947 (丢弃: 文本无效:53)
2026-03-12 22:49:43.786 | INFO     | __main__:process_raw_data:184 - ✅ data_part_3.csv: 读取5000 -> 保留4965 (丢弃: 文本无效:35)
2026-03-12 22:49:43.891 | INFO     | __main__:process_raw_data:184 - ✅ data_part_41.csv: 读取4000 -> 保留3960 (丢弃: 文本无效:40)
2026-03-12 22:49:44.019 | INFO     | __main__:process_raw_data:184 - ✅ data_part_1.csv: 读取5000 -> 保留4965 (丢弃: 文本无效:35)
2026-03-12 22:49:44.126 | INFO     | __main__:process_raw_data:184 - ✅ data_part_50.csv: 读取4000 -> 保留3964 (丢弃: 文本无效:36)
2026-03-12 22:49:44.255 | INFO     | __main__:process_raw_data:184 - ✅ data_part_29.csv: 读取5000 -> 保留4946 (丢弃: 文本无效:54)
2026-03-12 22:49:44.385 | INFO     | __main__:process_raw_data:184 - ✅ data_part_15.csv: 读取5000 -> 保留4952 (丢弃: 文本无效:48)
2026-03-12 22:49:44.515 | INFO     | __main__:process_raw_data:184 - ✅ data_part_12.csv: 读取5000 -> 保留4954 (丢弃: 文本无效:46)
2026-03-12 22:49:44.642 | INFO     | __main__:process_raw_data:184 - ✅ data_part_22.csv: 读取5000 -> 保留4932 (丢弃: 文本无效:68)
2026-03-12 22:49:44.771 | INFO     | __main__:process_raw_data:184 - ✅ data_part_2.csv: 读取5000 -> 保留4935 (丢弃: 文本无效:65)
2026-03-12 22:49:44.899 | INFO     | __main__:process_raw_data:184 - ✅ data_part_20.csv: 读取5000 -> 保留4942 (丢弃: 文本无效:58)
2026-03-12 22:49:45.030 | INFO     | __main__:process_raw_data:184 - ✅ data_part_38.csv: 读取5000 -> 保留4943 (丢弃: 文本无效:57)
2026-03-12 22:49:45.157 | INFO     | __main__:process_raw_data:184 - ✅ data_part_24.csv: 读取5000 -> 保留4957 (丢弃: 文本无效:43)
2026-03-12 22:49:45.291 | INFO     | __main__:process_raw_data:184 - ✅ data_part_28.csv: 读取5000 -> 保留4963 (丢弃: 文本无效:37)
2026-03-12 22:49:45.418 | INFO     | __main__:process_raw_data:184 - ✅ data_part_26.csv: 读取5000 -> 保留4940 (丢弃: 文本无效:60)
2026-03-12 22:49:45.522 | INFO     | __main__:process_raw_data:184 - ✅ data_part_51.csv: 读取4000 -> 保留3948 (丢弃: 文本无效:52)
2026-03-12 22:49:45.653 | INFO     | __main__:process_raw_data:184 - ✅ data_part_10.csv: 读取5000 -> 保留4959 (丢弃: 文本无效:41)
2026-03-12 22:49:45.783 | INFO     | __main__:process_raw_data:184 - ✅ data_part_19.csv: 读取5000 -> 保留4955 (丢弃: 文本无效:45)
2026-03-12 22:49:45.911 | INFO     | __main__:process_raw_data:184 - ✅ data_part_40.csv: 读取5000 -> 保留4954 (丢弃: 文本无效:46)
2026-03-12 22:49:46.016 | INFO     | __main__:process_raw_data:184 - ✅ data_part_47.csv: 读取4000 -> 保留3952 (丢弃: 文本无效:48)
2026-03-12 22:49:46.150 | INFO     | __main__:process_raw_data:184 - ✅ data_part_16.csv: 读取5000 -> 保留4958 (丢弃: 文本无效:42)
2026-03-12 22:49:46.287 | INFO     | __main__:process_raw_data:184 - ✅ data_part_17.csv: 读取5000 -> 保留4934 (丢弃: 文本无效:66)
2026-03-12 22:49:46.393 | INFO     | __main__:process_raw_data:184 - ✅ data_part_48.csv: 读取4000 -> 保留3965 (丢弃: 文本无效:35)
2026-03-12 22:49:46.520 | INFO     | __main__:process_raw_data:184 - ✅ data_part_36.csv: 读取5000 -> 保留4943 (丢弃: 文本无效:57)
2026-03-12 22:49:46.631 | INFO     | __main__:process_raw_data:184 - ✅ data_part_45.csv: 读取4000 -> 保留3958 (丢弃: 文本无效:42)
2026-03-12 22:49:46.736 | INFO     | __main__:process_raw_data:184 - ✅ data_part_42.csv: 读取4000 -> 保留3960 (丢弃: 文本无效:40)
2026-03-12 22:49:46.875 | INFO     | __main__:process_raw_data:184 - ✅ data_part_6.csv: 读取5000 -> 保留4942 (丢弃: 文本无效:58)
2026-03-12 22:49:47.005 | INFO     | __main__:process_raw_data:184 - ✅ data_part_14.csv: 读取5000 -> 保留4961 (丢弃: 文本无效:39)
2026-03-12 22:49:47.131 | INFO     | __main__:process_raw_data:184 - ✅ data_part_13.csv: 读取5000 -> 保留4952 (丢弃: 文本无效:48)
2026-03-12 22:49:47.263 | INFO     | __main__:process_raw_data:184 - ✅ data_part_5.csv: 读取5000 -> 保留4955 (丢弃: 文本无效:45)
2026-03-12 22:49:47.372 | INFO     | __main__:process_raw_data:184 - ✅ data_part_43.csv: 读取4000 -> 保留3964 (丢弃: 文本无效:36)
2026-03-12 22:49:47.515 | INFO     | __main__:process_raw_data:184 - ✅ data_part_37.csv: 读取5000 -> 保留4958 (丢弃: 文本无效:42)
2026-03-12 22:49:47.653 | INFO     | __main__:process_raw_data:184 - ✅ data_part_21.csv: 读取5000 -> 保留4958 (丢弃: 文本无效:42)
2026-03-12 22:49:47.810 | INFO     | __main__:process_raw_data:184 - ✅ data_part_23.csv: 读取5000 -> 保留4955 (丢弃: 文本无效:45)
2026-03-12 22:49:47.955 | INFO     | __main__:process_raw_data:184 - ✅ data_part_18.csv: 读取5000 -> 保留4958 (丢弃: 文本无效:42)
2026-03-12 22:49:47.955 | INFO     | __main__:process_raw_data:198 - 【阶段 3: 合并与保存】
2026-03-12 22:49:47.961 | INFO     | __main__:process_raw_data:202 - 总有效数据量: 241550 条
2026-03-12 22:49:47.962 | INFO     | __main__:process_raw_data:203 - 总丢弃数据量: 2450 条
2026-03-12 22:49:47.964 | INFO     | __main__:process_raw_data:206 - 最终类别分布:
label
0    24078
1    24194
2    24174
3    24254
4    24211
5    24106
6    24213
7    24097
8    24095
9    24128
2026-03-12 22:49:48.170 | SUCCESS  | __main__:process_raw_data:210 - 🎉 清洗完成！文件已保存至: /home/ds/Desktop/final_exam/TouManFen/data/processed_data/processed_data.csv
2026-03-13 10:14:49.265 | SUCCESS  | __main__:process_raw_data:129 - 🔍 发现 51 个数据文件。
2026-03-13 10:14:49.266 | INFO     | __main__:analyze_files_distribution:77 - ============================================================
2026-03-13 10:14:49.266 | INFO     | __main__:analyze_files_distribution:78 - 【阶段 1: 数据分布统计】
2026-03-13 10:14:49.266 | INFO     | __main__:analyze_files_distribution:79 - ============================================================
2026-03-13 10:14:49.280 | INFO     | __main__:analyze_files_distribution:97 - 文件: data_part_25.csv          | 类0: 503, 类1: 495, 类2: 512, 类3: 498, 类4: 489, 类5: 515, 类6: 504, 类7: 487, 类8: 522, 类9: 475
2026-03-13 10:14:49.288 | INFO     | __main__:analyze_files_distribution:97 - 文件: data_part_44.csv          | 类0: 398, 类1: 414, 类2: 403, 类3: 402, 类4: 372, 类5: 433, 类6: 409, 类7: 393, 类8: 390, 类9: 386
2026-03-13 10:14:49.298 | INFO     | __main__:analyze_files_distribution:97 - 文件: data_part_4.csv           | 类0: 500, 类1: 490, 类2: 520, 类3: 468, 类4: 490, 类5: 496, 类6: 507, 类7: 511, 类8: 506, 类9: 512
2026-03-13 10:14:49.310 | INFO     | __main__:analyze_files_distribution:97 - 文件: data_part_35.csv          | 类0: 478, 类1: 498, 类2: 518, 类3: 517, 类4: 493, 类5: 478, 类6: 545, 类7: 439, 类8: 531, 类9: 503
2026-03-13 10:14:49.324 | INFO     | __main__:analyze_files_distribution:97 - 文件: data_part_49.csv          | 类0: 369, 类1: 426, 类2: 423, 类3: 370, 类4: 405, 类5: 424, 类6: 375, 类7: 410, 类8: 396, 类9: 402
2026-03-13 10:14:49.332 | INFO     | __main__:analyze_files_distribution:97 - 文件: data_part_33.csv          | 类0: 508, 类1: 498, 类2: 501, 类3: 524, 类4: 481, 类5: 517, 类6: 469, 类7: 506, 类8: 468, 类9: 528
2026-03-13 10:14:49.339 | INFO     | __main__:analyze_files_distribution:97 - 文件: data_part_8.csv           | 类0: 536, 类1: 507, 类2: 498, 类3: 523, 类4: 502, 类5: 472, 类6: 503, 类7: 489, 类8: 485, 类9: 485
2026-03-13 10:14:49.346 | INFO     | __main__:analyze_files_distribution:97 - 文件: data_part_39.csv          | 类0: 480, 类1: 521, 类2: 484, 类3: 484, 类4: 484, 类5: 512, 类6: 501, 类7: 539, 类8: 494, 类9: 501
2026-03-13 10:14:49.355 | INFO     | __main__:analyze_files_distribution:97 - 文件: data_part_31.csv          | 类0: 521, 类1: 508, 类2: 481, 类3: 491, 类4: 515, 类5: 502, 类6: 481, 类7: 479, 类8: 476, 类9: 546
2026-03-13 10:14:49.363 | INFO     | __main__:analyze_files_distribution:97 - 文件: data_part_9.csv           | 类0: 529, 类1: 481, 类2: 483, 类3: 480, 类4: 511, 类5: 486, 类6: 552, 类7: 476, 类8: 491, 类9: 511
2026-03-13 10:14:49.372 | INFO     | __main__:analyze_files_distribution:97 - 文件: data_part_30.csv          | 类0: 462, 类1: 517, 类2: 490, 类3: 497, 类4: 557, 类5: 512, 类6: 493, 类7: 505, 类8: 492, 类9: 475
2026-03-13 10:14:49.380 | INFO     | __main__:analyze_files_distribution:97 - 文件: data_part_7.csv           | 类0: 502, 类1: 475, 类2: 542, 类3: 513, 类4: 511, 类5: 496, 类6: 477, 类7: 473, 类8: 491, 类9: 520
2026-03-13 10:14:49.389 | INFO     | __main__:analyze_files_distribution:97 - 文件: data_part_32.csv          | 类0: 491, 类1: 484, 类2: 504, 类3: 489, 类4: 504, 类5: 509, 类6: 522, 类7: 502, 类8: 526, 类9: 469
2026-03-13 10:14:49.397 | INFO     | __main__:analyze_files_distribution:97 - 文件: data_part_27.csv          | 类0: 536, 类1: 521, 类2: 454, 类3: 496, 类4: 515, 类5: 558, 类6: 491, 类7: 461, 类8: 491, 类9: 477
2026-03-13 10:14:49.405 | INFO     | __main__:analyze_files_distribution:97 - 文件: data_part_46.csv          | 类0: 424, 类1: 386, 类2: 416, 类3: 398, 类4: 405, 类5: 391, 类6: 390, 类7: 392, 类8: 399, 类9: 399
2026-03-13 10:14:49.413 | INFO     | __main__:analyze_files_distribution:97 - 文件: data_part_34.csv          | 类0: 523, 类1: 467, 类2: 481, 类3: 518, 类4: 491, 类5: 486, 类6: 506, 类7: 520, 类8: 508, 类9: 500
2026-03-13 10:14:49.422 | INFO     | __main__:analyze_files_distribution:97 - 文件: data_part_11.csv          | 类0: 488, 类1: 484, 类2: 497, 类3: 507, 类4: 485, 类5: 528, 类6: 503, 类7: 529, 类8: 501, 类9: 478
2026-03-13 10:14:49.431 | INFO     | __main__:analyze_files_distribution:97 - 文件: data_part_3.csv           | 类0: 499, 类1: 518, 类2: 472, 类3: 531, 类4: 515, 类5: 493, 类6: 509, 类7: 489, 类8: 499, 类9: 475
2026-03-13 10:14:49.441 | INFO     | __main__:analyze_files_distribution:97 - 文件: data_part_41.csv          | 类0: 407, 类1: 368, 类2: 417, 类3: 386, 类4: 428, 类5: 410, 类6: 361, 类7: 398, 类8: 401, 类9: 424
2026-03-13 10:14:49.450 | INFO     | __main__:analyze_files_distribution:97 - 文件: data_part_1.csv           | 类0: 521, 类1: 502, 类2: 501, 类3: 498, 类4: 499, 类5: 504, 类6: 498, 类7: 489, 类8: 515, 类9: 473
2026-03-13 10:14:49.459 | INFO     | __main__:analyze_files_distribution:97 - 文件: data_part_50.csv          | 类0: 387, 类1: 411, 类2: 422, 类3: 447, 类4: 385, 类5: 389, 类6: 385, 类7: 426, 类8: 377, 类9: 371
2026-03-13 10:14:49.469 | INFO     | __main__:analyze_files_distribution:97 - 文件: data_part_29.csv          | 类0: 496, 类1: 507, 类2: 516, 类3: 470, 类4: 506, 类5: 516, 类6: 506, 类7: 493, 类8: 472, 类9: 518
2026-03-13 10:14:49.479 | INFO     | __main__:analyze_files_distribution:97 - 文件: data_part_15.csv          | 类0: 494, 类1: 489, 类2: 538, 类3: 516, 类4: 469, 类5: 514, 类6: 509, 类7: 496, 类8: 513, 类9: 462
2026-03-13 10:14:49.488 | INFO     | __main__:analyze_files_distribution:97 - 文件: data_part_12.csv          | 类0: 527, 类1: 509, 类2: 504, 类3: 468, 类4: 525, 类5: 506, 类6: 481, 类7: 492, 类8: 490, 类9: 498
2026-03-13 10:14:49.499 | INFO     | __main__:analyze_files_distribution:97 - 文件: data_part_22.csv          | 类0: 475, 类1: 510, 类2: 497, 类3: 507, 类4: 497, 类5: 494, 类6: 520, 类7: 493, 类8: 497, 类9: 510
2026-03-13 10:14:49.510 | INFO     | __main__:analyze_files_distribution:97 - 文件: data_part_2.csv           | 类0: 493, 类1: 484, 类2: 507, 类3: 501, 类4: 509, 类5: 506, 类6: 514, 类7: 505, 类8: 493, 类9: 488
2026-03-13 10:14:49.522 | INFO     | __main__:analyze_files_distribution:97 - 文件: data_part_20.csv          | 类0: 479, 类1: 520, 类2: 484, 类3: 520, 类4: 488, 类5: 454, 类6: 515, 类7: 509, 类8: 526, 类9: 505
2026-03-13 10:14:49.532 | INFO     | __main__:analyze_files_distribution:97 - 文件: data_part_38.csv          | 类0: 444, 类1: 518, 类2: 513, 类3: 465, 类4: 520, 类5: 483, 类6: 524, 类7: 528, 类8: 499, 类9: 506
2026-03-13 10:14:49.543 | INFO     | __main__:analyze_files_distribution:97 - 文件: data_part_24.csv          | 类0: 506, 类1: 508, 类2: 457, 类3: 487, 类4: 550, 类5: 475, 类6: 486, 类7: 528, 类8: 457, 类9: 546
2026-03-13 10:14:49.554 | INFO     | __main__:analyze_files_distribution:97 - 文件: data_part_28.csv          | 类0: 482, 类1: 488, 类2: 519, 类3: 524, 类4: 524, 类5: 521, 类6: 496, 类7: 483, 类8: 511, 类9: 452
2026-03-13 10:14:49.564 | INFO     | __main__:analyze_files_distribution:97 - 文件: data_part_26.csv          | 类0: 508, 类1: 530, 类2: 544, 类3: 511, 类4: 478, 类5: 502, 类6: 465, 类7: 467, 类8: 484, 类9: 511
2026-03-13 10:14:49.573 | INFO     | __main__:analyze_files_distribution:97 - 文件: data_part_51.csv          | 类0: 382, 类1: 406, 类2: 411, 类3: 419, 类4: 396, 类5: 402, 类6: 408, 类7: 376, 类8: 397, 类9: 403
2026-03-13 10:14:49.585 | INFO     | __main__:analyze_files_distribution:97 - 文件: data_part_10.csv          | 类0: 472, 类1: 517, 类2: 481, 类3: 490, 类4: 518, 类5: 474, 类6: 500, 类7: 540, 类8: 500, 类9: 508
2026-03-13 10:14:49.597 | INFO     | __main__:analyze_files_distribution:97 - 文件: data_part_19.csv          | 类0: 502, 类1: 512, 类2: 487, 类3: 517, 类4: 481, 类5: 471, 类6: 527, 类7: 480, 类8: 520, 类9: 503
2026-03-13 10:14:49.607 | INFO     | __main__:analyze_files_distribution:97 - 文件: data_part_40.csv          | 类0: 475, 类1: 507, 类2: 496, 类3: 511, 类4: 470, 类5: 464, 类6: 508, 类7: 527, 类8: 491, 类9: 551
2026-03-13 10:14:49.616 | INFO     | __main__:analyze_files_distribution:97 - 文件: data_part_47.csv          | 类0: 422, 类1: 433, 类2: 349, 类3: 400, 类4: 416, 类5: 410, 类6: 427, 类7: 381, 类8: 377, 类9: 385
2026-03-13 10:14:49.629 | INFO     | __main__:analyze_files_distribution:97 - 文件: data_part_16.csv          | 类0: 480, 类1: 485, 类2: 476, 类3: 525, 类4: 496, 类5: 482, 类6: 502, 类7: 507, 类8: 539, 类9: 508
2026-03-13 10:14:49.642 | INFO     | __main__:analyze_files_distribution:97 - 文件: data_part_17.csv          | 类0: 514, 类1: 522, 类2: 498, 类3: 515, 类4: 458, 类5: 483, 类6: 508, 类7: 519, 类8: 495, 类9: 488
2026-03-13 10:14:49.651 | INFO     | __main__:analyze_files_distribution:97 - 文件: data_part_48.csv          | 类0: 402, 类1: 425, 类2: 398, 类3: 365, 类4: 428, 类5: 404, 类6: 396, 类7: 404, 类8: 412, 类9: 366
2026-03-13 10:14:49.660 | INFO     | __main__:analyze_files_distribution:97 - 文件: data_part_36.csv          | 类0: 469, 类1: 503, 类2: 504, 类3: 472, 类4: 503, 类5: 533, 类6: 472, 类7: 486, 类8: 532, 类9: 526
2026-03-13 10:14:49.668 | INFO     | __main__:analyze_files_distribution:97 - 文件: data_part_45.csv          | 类0: 390, 类1: 397, 类2: 365, 类3: 418, 类4: 398, 类5: 388, 类6: 405, 类7: 389, 类8: 456, 类9: 394
2026-03-13 10:14:49.677 | INFO     | __main__:analyze_files_distribution:97 - 文件: data_part_42.csv          | 类0: 412, 类1: 380, 类2: 403, 类3: 420, 类4: 404, 类5: 369, 类6: 391, 类7: 416, 类8: 402, 类9: 403
2026-03-13 10:14:49.688 | INFO     | __main__:analyze_files_distribution:97 - 文件: data_part_6.csv           | 类0: 473, 类1: 491, 类2: 541, 类3: 513, 类4: 505, 类5: 539, 类6: 478, 类7: 488, 类8: 477, 类9: 495
2026-03-13 10:14:49.701 | INFO     | __main__:analyze_files_distribution:97 - 文件: data_part_14.csv          | 类0: 511, 类1: 510, 类2: 468, 类3: 499, 类4: 515, 类5: 491, 类6: 514, 类7: 522, 类8: 487, 类9: 483
2026-03-13 10:14:49.712 | INFO     | __main__:analyze_files_distribution:97 - 文件: data_part_13.csv          | 类0: 500, 类1: 497, 类2: 488, 类3: 535, 类4: 494, 类5: 530, 类6: 480, 类7: 487, 类8: 503, 类9: 486
2026-03-13 10:14:49.723 | INFO     | __main__:analyze_files_distribution:97 - 文件: data_part_5.csv           | 类0: 511, 类1: 487, 类2: 480, 类3: 534, 类4: 511, 类5: 460, 类6: 468, 类7: 531, 类8: 490, 类9: 528
2026-03-13 10:14:49.734 | INFO     | __main__:analyze_files_distribution:97 - 文件: data_part_43.csv          | 类0: 411, 类1: 391, 类2: 414, 类3: 381, 类4: 392, 类5: 369, 类6: 416, 类7: 417, 类8: 395, 类9: 414
2026-03-13 10:14:49.746 | INFO     | __main__:analyze_files_distribution:97 - 文件: data_part_37.csv          | 类0: 522, 类1: 477, 类2: 541, 类3: 518, 类4: 484, 类5: 467, 类6: 527, 类7: 489, 类8: 490, 类9: 485
2026-03-13 10:14:49.757 | INFO     | __main__:analyze_files_distribution:97 - 文件: data_part_21.csv          | 类0: 504, 类1: 519, 类2: 520, 类3: 461, 类4: 492, 类5: 489, 类6: 517, 类7: 492, 类8: 480, 类9: 526
2026-03-13 10:14:49.768 | INFO     | __main__:analyze_files_distribution:97 - 文件: data_part_23.csv          | 类0: 508, 类1: 471, 类2: 501, 类3: 500, 类4: 495, 类5: 508, 类6: 489, 类7: 490, 类8: 524, 类9: 514
2026-03-13 10:14:49.778 | INFO     | __main__:analyze_files_distribution:97 - 文件: data_part_18.csv          | 类0: 505, 类1: 469, 类2: 492, 类3: 481, 类4: 504, 类5: 529, 类6: 528, 类7: 521, 类8: 471, 类9: 500
2026-03-13 10:14:49.778 | INFO     | __main__:analyze_files_distribution:103 - ----------------------------------------
2026-03-13 10:14:49.778 | INFO     | __main__:analyze_files_distribution:104 - 全局总计: 510 条数据
2026-03-13 10:14:49.779 | INFO     | __main__:process_raw_data:135 - 【阶段 2: 加载与清洗】
2026-03-13 10:14:50.091 | INFO     | __main__:process_raw_data:184 - ✅ data_part_25.csv: 读取5000 -> 保留4957 (丢弃: 文本无效:43)
2026-03-13 10:14:50.340 | INFO     | __main__:process_raw_data:184 - ✅ data_part_44.csv: 读取4000 -> 保留3954 (丢弃: 文本无效:46)
2026-03-13 10:14:50.668 | INFO     | __main__:process_raw_data:184 - ✅ data_part_4.csv: 读取5000 -> 保留4935 (丢弃: 文本无效:65)
2026-03-13 10:14:50.944 | INFO     | __main__:process_raw_data:184 - ✅ data_part_35.csv: 读取5000 -> 保留4942 (丢弃: 文本无效:58)
2026-03-13 10:14:51.167 | INFO     | __main__:process_raw_data:184 - ✅ data_part_49.csv: 读取4000 -> 保留3965 (丢弃: 文本无效:35)
2026-03-13 10:14:51.463 | INFO     | __main__:process_raw_data:184 - ✅ data_part_33.csv: 读取5000 -> 保留4954 (丢弃: 文本无效:46)
2026-03-13 10:14:51.738 | INFO     | __main__:process_raw_data:184 - ✅ data_part_8.csv: 读取5000 -> 保留4940 (丢弃: 文本无效:60)
2026-03-13 10:14:52.019 | INFO     | __main__:process_raw_data:184 - ✅ data_part_39.csv: 读取5000 -> 保留4956 (丢弃: 文本无效:44)
2026-03-13 10:14:52.292 | INFO     | __main__:process_raw_data:184 - ✅ data_part_31.csv: 读取5000 -> 保留4934 (丢弃: 文本无效:66)
2026-03-13 10:14:52.598 | INFO     | __main__:process_raw_data:184 - ✅ data_part_9.csv: 读取5000 -> 保留4951 (丢弃: 文本无效:49)
2026-03-13 10:14:52.963 | INFO     | __main__:process_raw_data:184 - ✅ data_part_30.csv: 读取5000 -> 保留4935 (丢弃: 文本无效:65)
2026-03-13 10:14:53.338 | INFO     | __main__:process_raw_data:184 - ✅ data_part_7.csv: 读取5000 -> 保留4952 (丢弃: 文本无效:48)
2026-03-13 10:14:53.719 | INFO     | __main__:process_raw_data:184 - ✅ data_part_32.csv: 读取5000 -> 保留4961 (丢弃: 文本无效:39)
2026-03-13 10:14:54.013 | INFO     | __main__:process_raw_data:184 - ✅ data_part_27.csv: 读取5000 -> 保留4943 (丢弃: 文本无效:57)
2026-03-13 10:14:54.233 | INFO     | __main__:process_raw_data:184 - ✅ data_part_46.csv: 读取4000 -> 保留3967 (丢弃: 文本无效:33)
2026-03-13 10:14:54.510 | INFO     | __main__:process_raw_data:184 - ✅ data_part_34.csv: 读取5000 -> 保留4950 (丢弃: 文本无效:50)
2026-03-13 10:14:54.783 | INFO     | __main__:process_raw_data:184 - ✅ data_part_11.csv: 读取5000 -> 保留4947 (丢弃: 文本无效:53)
2026-03-13 10:14:55.057 | INFO     | __main__:process_raw_data:184 - ✅ data_part_3.csv: 读取5000 -> 保留4965 (丢弃: 文本无效:35)
2026-03-13 10:14:55.280 | INFO     | __main__:process_raw_data:184 - ✅ data_part_41.csv: 读取4000 -> 保留3960 (丢弃: 文本无效:40)
2026-03-13 10:14:55.561 | INFO     | __main__:process_raw_data:184 - ✅ data_part_1.csv: 读取5000 -> 保留4965 (丢弃: 文本无效:35)
2026-03-13 10:14:55.774 | INFO     | __main__:process_raw_data:184 - ✅ data_part_50.csv: 读取4000 -> 保留3964 (丢弃: 文本无效:36)
2026-03-13 10:14:56.005 | INFO     | __main__:process_raw_data:184 - ✅ data_part_29.csv: 读取5000 -> 保留4946 (丢弃: 文本无效:54)
2026-03-13 10:14:56.243 | INFO     | __main__:process_raw_data:184 - ✅ data_part_15.csv: 读取5000 -> 保留4952 (丢弃: 文本无效:48)
2026-03-13 10:14:56.507 | INFO     | __main__:process_raw_data:184 - ✅ data_part_12.csv: 读取5000 -> 保留4954 (丢弃: 文本无效:46)
2026-03-13 10:14:56.766 | INFO     | __main__:process_raw_data:184 - ✅ data_part_22.csv: 读取5000 -> 保留4932 (丢弃: 文本无效:68)
2026-03-13 10:14:57.006 | INFO     | __main__:process_raw_data:184 - ✅ data_part_2.csv: 读取5000 -> 保留4935 (丢弃: 文本无效:65)
2026-03-13 10:14:57.257 | INFO     | __main__:process_raw_data:184 - ✅ data_part_20.csv: 读取5000 -> 保留4942 (丢弃: 文本无效:58)
2026-03-13 10:14:57.517 | INFO     | __main__:process_raw_data:184 - ✅ data_part_38.csv: 读取5000 -> 保留4943 (丢弃: 文本无效:57)
2026-03-13 10:14:57.756 | INFO     | __main__:process_raw_data:184 - ✅ data_part_24.csv: 读取5000 -> 保留4957 (丢弃: 文本无效:43)
2026-03-13 10:14:57.997 | INFO     | __main__:process_raw_data:184 - ✅ data_part_28.csv: 读取5000 -> 保留4963 (丢弃: 文本无效:37)
2026-03-13 10:14:58.201 | INFO     | __main__:process_raw_data:184 - ✅ data_part_26.csv: 读取5000 -> 保留4940 (丢弃: 文本无效:60)
2026-03-13 10:14:58.364 | INFO     | __main__:process_raw_data:184 - ✅ data_part_51.csv: 读取4000 -> 保留3948 (丢弃: 文本无效:52)
2026-03-13 10:14:58.567 | INFO     | __main__:process_raw_data:184 - ✅ data_part_10.csv: 读取5000 -> 保留4959 (丢弃: 文本无效:41)
2026-03-13 10:14:58.764 | INFO     | __main__:process_raw_data:184 - ✅ data_part_19.csv: 读取5000 -> 保留4955 (丢弃: 文本无效:45)
2026-03-13 10:14:58.969 | INFO     | __main__:process_raw_data:184 - ✅ data_part_40.csv: 读取5000 -> 保留4954 (丢弃: 文本无效:46)
2026-03-13 10:14:59.135 | INFO     | __main__:process_raw_data:184 - ✅ data_part_47.csv: 读取4000 -> 保留3952 (丢弃: 文本无效:48)
2026-03-13 10:14:59.335 | INFO     | __main__:process_raw_data:184 - ✅ data_part_16.csv: 读取5000 -> 保留4958 (丢弃: 文本无效:42)
2026-03-13 10:14:59.532 | INFO     | __main__:process_raw_data:184 - ✅ data_part_17.csv: 读取5000 -> 保留4934 (丢弃: 文本无效:66)
2026-03-13 10:14:59.738 | INFO     | __main__:process_raw_data:184 - ✅ data_part_48.csv: 读取4000 -> 保留3965 (丢弃: 文本无效:35)
2026-03-13 10:14:59.953 | INFO     | __main__:process_raw_data:184 - ✅ data_part_36.csv: 读取5000 -> 保留4943 (丢弃: 文本无效:57)
2026-03-13 10:15:00.109 | INFO     | __main__:process_raw_data:184 - ✅ data_part_45.csv: 读取4000 -> 保留3958 (丢弃: 文本无效:42)
2026-03-13 10:15:00.273 | INFO     | __main__:process_raw_data:184 - ✅ data_part_42.csv: 读取4000 -> 保留3960 (丢弃: 文本无效:40)
2026-03-13 10:15:00.502 | INFO     | __main__:process_raw_data:184 - ✅ data_part_6.csv: 读取5000 -> 保留4942 (丢弃: 文本无效:58)
2026-03-13 10:15:00.776 | INFO     | __main__:process_raw_data:184 - ✅ data_part_14.csv: 读取5000 -> 保留4961 (丢弃: 文本无效:39)
2026-03-13 10:15:01.056 | INFO     | __main__:process_raw_data:184 - ✅ data_part_13.csv: 读取5000 -> 保留4952 (丢弃: 文本无效:48)
2026-03-13 10:15:01.292 | INFO     | __main__:process_raw_data:184 - ✅ data_part_5.csv: 读取5000 -> 保留4955 (丢弃: 文本无效:45)
2026-03-13 10:15:01.524 | INFO     | __main__:process_raw_data:184 - ✅ data_part_43.csv: 读取4000 -> 保留3964 (丢弃: 文本无效:36)
2026-03-13 10:15:01.727 | INFO     | __main__:process_raw_data:184 - ✅ data_part_37.csv: 读取5000 -> 保留4958 (丢弃: 文本无效:42)
2026-03-13 10:15:01.928 | INFO     | __main__:process_raw_data:184 - ✅ data_part_21.csv: 读取5000 -> 保留4958 (丢弃: 文本无效:42)
2026-03-13 10:15:02.139 | INFO     | __main__:process_raw_data:184 - ✅ data_part_23.csv: 读取5000 -> 保留4955 (丢弃: 文本无效:45)
2026-03-13 10:15:02.338 | INFO     | __main__:process_raw_data:184 - ✅ data_part_18.csv: 读取5000 -> 保留4958 (丢弃: 文本无效:42)
2026-03-13 10:15:02.338 | INFO     | __main__:process_raw_data:198 - 【阶段 3: 合并与保存】
2026-03-13 10:15:02.344 | INFO     | __main__:process_raw_data:202 - 总有效数据量: 241550 条
2026-03-13 10:15:02.345 | INFO     | __main__:process_raw_data:203 - 总丢弃数据量: 2450 条
2026-03-13 10:15:02.347 | INFO     | __main__:process_raw_data:206 - 最终类别分布:
label
0    24078
1    24194
2    24174
3    24254
4    24211
5    24106
6    24213
7    24097
8    24095
9    24128
2026-03-13 10:15:02.628 | SUCCESS  | __main__:process_raw_data:210 - 🎉 清洗完成！文件已保存至: /home/ds/Desktop/final_exam/TouManFen/data/processed_data/processed_data.csv
